[2026-02-24 22:31:03,563] [CodeGuardAgent] INFO: CodeGuard main agent initialized
[2026-02-24 22:31:24,759] [IntentParser] INFO: Parsing instruction: 'Add a docstring to workspace/src/utils/string_utils.py'
[2026-02-24 22:31:31,304] [IntentParser] WARNING: API parse failed ("Could not resolve authentication method. Expected either api_key or auth_token to be set. Or for one of the `X-Api-Key` or `Authorization` headers to be explicitly omitted"), using heuristic parser
[2026-02-24 22:31:31,304] [Executor] INFO: Executing approved intent: add_docstring on workspace/src/utils/utils.py
[2026-02-24 22:31:36,005] [IntentParser] INFO: Parsing instruction: 'Fix style in workspace/src/helpers/validators.py'
[2026-02-24 22:31:36,355] [IntentParser] WARNING: API parse failed ("Could not resolve authentication method. Expected either api_key or auth_token to be set. Or for one of the `X-Api-Key` or `Authorization` headers to be explicitly omitted"), using heuristic parser
[2026-02-24 22:31:36,355] [Executor] INFO: Executing approved intent: edit on workspace/src/helpers/helpers.py
[2026-02-24 22:31:37,900] [IntentParser] INFO: Parsing instruction: 'Edit workspace/protected/config.py'
[2026-02-24 22:31:38,225] [IntentParser] WARNING: API parse failed ("Could not resolve authentication method. Expected either api_key or auth_token to be set. Or for one of the `X-Api-Key` or `Authorization` headers to be explicitly omitted"), using heuristic parser
[2026-02-24 22:31:39,558] [IntentParser] INFO: Parsing instruction: 'Delete workspace/src/utils/math_utils.py'
[2026-02-24 22:31:39,887] [IntentParser] WARNING: API parse failed ("Could not resolve authentication method. Expected either api_key or auth_token to be set. Or for one of the `X-Api-Key` or `Authorization` headers to be explicitly omitted"), using heuristic parser
[2026-02-24 22:31:40,594] [IntentParser] INFO: Parsing instruction: 'Read workspace/src/core/main.py'
[2026-02-24 22:31:40,953] [IntentParser] WARNING: API parse failed ("Could not resolve authentication method. Expected either api_key or auth_token to be set. Or for one of the `X-Api-Key` or `Authorization` headers to be explicitly omitted"), using heuristic parser
[2026-02-24 22:31:49,241] [DelegateAgent] INFO: Delegate agent 'docstring-bot-v1' spawned with scope: workspace/src/utils
[2026-02-24 22:31:49,244] [IntentParser] INFO: Parsing instruction: 'Read workspace/src/utils/math_utils.py'
[2026-02-24 22:31:49,589] [IntentParser] WARNING: API parse failed ("Could not resolve authentication method. Expected either api_key or auth_token to be set. Or for one of the `X-Api-Key` or `Authorization` headers to be explicitly omitted"), using heuristic parser
[2026-02-24 22:31:49,595] [Executor] INFO: Executing approved intent: read on workspace/src/utils/utils.py
[2026-02-24 22:31:50,388] [IntentParser] INFO: Parsing instruction: 'Add docstring to workspace/src/helpers/validators.py'
[2026-02-24 22:31:50,723] [IntentParser] WARNING: API parse failed ("Could not resolve authentication method. Expected either api_key or auth_token to be set. Or for one of the `X-Api-Key` or `Authorization` headers to be explicitly omitted"), using heuristic parser
[2026-02-24 22:31:51,319] [IntentParser] INFO: Parsing instruction: 'Edit workspace/src/utils/string_utils.py'
[2026-02-24 22:31:51,658] [IntentParser] WARNING: API parse failed ("Could not resolve authentication method. Expected either api_key or auth_token to be set. Or for one of the `X-Api-Key` or `Authorization` headers to be explicitly omitted"), using heuristic parser
